Fri Jun 28 2024 15:57:22 [Doctor Server] error: ReferenceError: unique is not defined
    at Object.<anonymous> (/home/codewithashim/Web Application/Programmer Lab/Docter Portal/server/src/app/modules/user/user.model.ts:21:7)
    at Module._compile (node:internal/modules/cjs/loader:1356:14)
    at Module._compile (/home/codewithashim/Web Application/Programmer Lab/Docter Portal/server/node_modules/source-map-support/source-map-support.js:568:25)
    at Module.m._compile (/tmp/ts-node-dev-hook-7733459047558051.js:69:33)
    at Module._extensions..js (node:internal/modules/cjs/loader:1414:10)
    at require.extensions..jsx.require.extensions..js (/tmp/ts-node-dev-hook-7733459047558051.js:114:20)
    at require.extensions.<computed> (/tmp/ts-node-dev-hook-7733459047558051.js:71:20)
    at Object.nodeDevHook [as .ts] (/home/codewithashim/Web Application/Programmer Lab/Docter Portal/server/node_modules/ts-node-dev/lib/hook.js:63:13)
    at Module.load (node:internal/modules/cjs/loader:1197:32)
    at Function.Module._load (node:internal/modules/cjs/loader:1013:12)
Fri Jun 28 2024 16:1:20 [Doctor Server] error: ReferenceError: userType is not defined
    at Object.<anonymous> (/home/codewithashim/Web Application/Programmer Lab/Docter Portal/server/src/app/modules/user/user.model.ts:27:14)
    at Module._compile (node:internal/modules/cjs/loader:1356:14)
    at Module._compile (/home/codewithashim/Web Application/Programmer Lab/Docter Portal/server/node_modules/source-map-support/source-map-support.js:568:25)
    at Module.m._compile (/tmp/ts-node-dev-hook-7733459047558051.js:69:33)
    at Module._extensions..js (node:internal/modules/cjs/loader:1414:10)
    at require.extensions..jsx.require.extensions..js (/tmp/ts-node-dev-hook-7733459047558051.js:114:20)
    at require.extensions.<computed> (/tmp/ts-node-dev-hook-7733459047558051.js:71:20)
    at Object.nodeDevHook [as .ts] (/home/codewithashim/Web Application/Programmer Lab/Docter Portal/server/node_modules/ts-node-dev/lib/hook.js:63:13)
    at Module.load (node:internal/modules/cjs/loader:1197:32)
    at Function.Module._load (node:internal/modules/cjs/loader:1013:12)
Fri Jun 28 2024 16:1:29 [Doctor Server] error: ReferenceError: userType is not defined
    at Object.<anonymous> (/home/codewithashim/Web Application/Programmer Lab/Docter Portal/server/src/app/modules/user/user.model.ts:27:14)
    at Module._compile (node:internal/modules/cjs/loader:1356:14)
    at Module._compile (/home/codewithashim/Web Application/Programmer Lab/Docter Portal/server/node_modules/source-map-support/source-map-support.js:568:25)
    at Module.m._compile (/tmp/ts-node-dev-hook-7733459047558051.js:69:33)
    at Module._extensions..js (node:internal/modules/cjs/loader:1414:10)
    at require.extensions..jsx.require.extensions..js (/tmp/ts-node-dev-hook-7733459047558051.js:114:20)
    at require.extensions.<computed> (/tmp/ts-node-dev-hook-7733459047558051.js:71:20)
    at Object.nodeDevHook [as .ts] (/home/codewithashim/Web Application/Programmer Lab/Docter Portal/server/node_modules/ts-node-dev/lib/hook.js:63:13)
    at Module.load (node:internal/modules/cjs/loader:1197:32)
    at Function.Module._load (node:internal/modules/cjs/loader:1013:12)
Fri Jun 28 2024 16:24:40 [Doctor Server] error: ReferenceError: userLogin is not defined
    at Object.<anonymous> (/home/codewithashim/Web Application/Programmer Lab/Docter Portal/server/src/app/modules/auth/auth.service.ts:137:3)
    at Module._compile (node:internal/modules/cjs/loader:1356:14)
    at Module._compile (/home/codewithashim/Web Application/Programmer Lab/Docter Portal/server/node_modules/source-map-support/source-map-support.js:568:25)
    at Module.m._compile (/tmp/ts-node-dev-hook-7733459047558051.js:69:33)
    at Module._extensions..js (node:internal/modules/cjs/loader:1414:10)
    at require.extensions..jsx.require.extensions..js (/tmp/ts-node-dev-hook-7733459047558051.js:114:20)
    at require.extensions.<computed> (/tmp/ts-node-dev-hook-7733459047558051.js:71:20)
    at Object.nodeDevHook [as .ts] (/home/codewithashim/Web Application/Programmer Lab/Docter Portal/server/node_modules/ts-node-dev/lib/hook.js:63:13)
    at Module.load (node:internal/modules/cjs/loader:1197:32)
    at Function.Module._load (node:internal/modules/cjs/loader:1013:12)
Fri Jun 28 2024 16:24:44 [Doctor Server] error: ReferenceError: userLogin is not defined
    at Object.<anonymous> (/home/codewithashim/Web Application/Programmer Lab/Docter Portal/server/src/app/modules/auth/auth.service.ts:234:3)
    at Module._compile (node:internal/modules/cjs/loader:1356:14)
    at Module._compile (/home/codewithashim/Web Application/Programmer Lab/Docter Portal/server/node_modules/source-map-support/source-map-support.js:568:25)
    at Module.m._compile (/tmp/ts-node-dev-hook-7733459047558051.js:69:33)
    at Module._extensions..js (node:internal/modules/cjs/loader:1414:10)
    at require.extensions..jsx.require.extensions..js (/tmp/ts-node-dev-hook-7733459047558051.js:114:20)
    at require.extensions.<computed> (/tmp/ts-node-dev-hook-7733459047558051.js:71:20)
    at Object.nodeDevHook [as .ts] (/home/codewithashim/Web Application/Programmer Lab/Docter Portal/server/node_modules/ts-node-dev/lib/hook.js:63:13)
    at Module.load (node:internal/modules/cjs/loader:1197:32)
    at Function.Module._load (node:internal/modules/cjs/loader:1013:12)
Fri Jun 28 2024 16:25:21 [Doctor Server] error: ReferenceError: userLogin is not defined
    at Object.<anonymous> (/home/codewithashim/Web Application/Programmer Lab/Docter Portal/server/src/app/modules/auth/auth.service.ts:138:3)
    at Module._compile (node:internal/modules/cjs/loader:1356:14)
    at Module._compile (/home/codewithashim/Web Application/Programmer Lab/Docter Portal/server/node_modules/source-map-support/source-map-support.js:568:25)
    at Module.m._compile (/tmp/ts-node-dev-hook-7733459047558051.js:69:33)
    at Module._extensions..js (node:internal/modules/cjs/loader:1414:10)
    at require.extensions..jsx.require.extensions..js (/tmp/ts-node-dev-hook-7733459047558051.js:114:20)
    at require.extensions.<computed> (/tmp/ts-node-dev-hook-7733459047558051.js:71:20)
    at Object.nodeDevHook [as .ts] (/home/codewithashim/Web Application/Programmer Lab/Docter Portal/server/node_modules/ts-node-dev/lib/hook.js:63:13)
    at Module.load (node:internal/modules/cjs/loader:1197:32)
    at Function.Module._load (node:internal/modules/cjs/loader:1013:12)
Fri Jun 28 2024 16:25:48 [Doctor Server] error: /home/codewithashim/Web Application/Programmer Lab/Docter Portal/server/src/app/modules/auth/auth.controller.ts:71
const loginUser = (0, catchAsync_1.default)((req, res) => __awaiter(void 0, void 0, void 0, function* () {
      ^

SyntaxError: Identifier 'loginUser' has already been declared
    at internalCompileFunction (node:internal/vm:73:18)
    at wrapSafe (node:internal/modules/cjs/loader:1274:20)
    at Module._compile (node:internal/modules/cjs/loader:1320:27)
    at Module._compile (/home/codewithashim/Web Application/Programmer Lab/Docter Portal/server/node_modules/source-map-support/source-map-support.js:568:25)
    at Module.m._compile (/tmp/ts-node-dev-hook-7733459047558051.js:69:33)
    at Module._extensions..js (node:internal/modules/cjs/loader:1414:10)
    at require.extensions..jsx.require.extensions..js (/tmp/ts-node-dev-hook-7733459047558051.js:114:20)
    at require.extensions.<computed> (/tmp/ts-node-dev-hook-7733459047558051.js:71:20)
    at Object.nodeDevHook [as .ts] (/home/codewithashim/Web Application/Programmer Lab/Docter Portal/server/node_modules/ts-node-dev/lib/hook.js:63:13)
    at Module.load (node:internal/modules/cjs/loader:1197:32)
Fri Jun 28 2024 16:26:2 [Doctor Server] error: ReferenceError: userLogin is not defined
    at Object.<anonymous> (/home/codewithashim/Web Application/Programmer Lab/Docter Portal/server/src/app/modules/auth/auth.service.ts:138:3)
    at Module._compile (node:internal/modules/cjs/loader:1356:14)
    at Module._compile (/home/codewithashim/Web Application/Programmer Lab/Docter Portal/server/node_modules/source-map-support/source-map-support.js:568:25)
    at Module.m._compile (/tmp/ts-node-dev-hook-7733459047558051.js:69:33)
    at Module._extensions..js (node:internal/modules/cjs/loader:1414:10)
    at require.extensions..jsx.require.extensions..js (/tmp/ts-node-dev-hook-7733459047558051.js:114:20)
    at require.extensions.<computed> (/tmp/ts-node-dev-hook-7733459047558051.js:71:20)
    at Object.nodeDevHook [as .ts] (/home/codewithashim/Web Application/Programmer Lab/Docter Portal/server/node_modules/ts-node-dev/lib/hook.js:63:13)
    at Module.load (node:internal/modules/cjs/loader:1197:32)
    at Function.Module._load (node:internal/modules/cjs/loader:1013:12)
Fri Jun 28 2024 16:27:15 [Doctor Server] error: ReferenceError: userLogin is not defined
    at Object.<anonymous> (/home/codewithashim/Web Application/Programmer Lab/Docter Portal/server/src/app/modules/auth/auth.service.ts:138:3)
    at Module._compile (node:internal/modules/cjs/loader:1356:14)
    at Module._compile (/home/codewithashim/Web Application/Programmer Lab/Docter Portal/server/node_modules/source-map-support/source-map-support.js:568:25)
    at Module.m._compile (/tmp/ts-node-dev-hook-7733459047558051.js:69:33)
    at Module._extensions..js (node:internal/modules/cjs/loader:1414:10)
    at require.extensions..jsx.require.extensions..js (/tmp/ts-node-dev-hook-7733459047558051.js:114:20)
    at require.extensions.<computed> (/tmp/ts-node-dev-hook-7733459047558051.js:71:20)
    at Object.nodeDevHook [as .ts] (/home/codewithashim/Web Application/Programmer Lab/Docter Portal/server/node_modules/ts-node-dev/lib/hook.js:63:13)
    at Module.load (node:internal/modules/cjs/loader:1197:32)
    at Function.Module._load (node:internal/modules/cjs/loader:1013:12)
Fri Jun 28 2024 16:27:27 [Doctor Server] error: ReferenceError: userLogin is not defined
    at Object.<anonymous> (/home/codewithashim/Web Application/Programmer Lab/Docter Portal/server/src/app/modules/auth/auth.service.ts:138:3)
    at Module._compile (node:internal/modules/cjs/loader:1356:14)
    at Module._compile (/home/codewithashim/Web Application/Programmer Lab/Docter Portal/server/node_modules/source-map-support/source-map-support.js:568:25)
    at Module.m._compile (/tmp/ts-node-dev-hook-7733459047558051.js:69:33)
    at Module._extensions..js (node:internal/modules/cjs/loader:1414:10)
    at require.extensions..jsx.require.extensions..js (/tmp/ts-node-dev-hook-7733459047558051.js:114:20)
    at require.extensions.<computed> (/tmp/ts-node-dev-hook-7733459047558051.js:71:20)
    at Object.nodeDevHook [as .ts] (/home/codewithashim/Web Application/Programmer Lab/Docter Portal/server/node_modules/ts-node-dev/lib/hook.js:63:13)
    at Module.load (node:internal/modules/cjs/loader:1197:32)
    at Function.Module._load (node:internal/modules/cjs/loader:1013:12)
Fri Jun 28 2024 16:28:19 [Doctor Server] error: /home/codewithashim/Web Application/Programmer Lab/Docter Portal/server/src/app/modules/auth/auth.service.ts:157
const refreshToken = (token) => __awaiter(void 0, void 0, void 0, function* () {
      ^

SyntaxError: Identifier 'refreshToken' has already been declared
    at internalCompileFunction (node:internal/vm:73:18)
    at wrapSafe (node:internal/modules/cjs/loader:1274:20)
    at Module._compile (node:internal/modules/cjs/loader:1320:27)
    at Module._compile (/home/codewithashim/Web Application/Programmer Lab/Docter Portal/server/node_modules/source-map-support/source-map-support.js:568:25)
    at Module.m._compile (/tmp/ts-node-dev-hook-7733459047558051.js:69:33)
    at Module._extensions..js (node:internal/modules/cjs/loader:1414:10)
    at require.extensions..jsx.require.extensions..js (/tmp/ts-node-dev-hook-7733459047558051.js:114:20)
    at require.extensions.<computed> (/tmp/ts-node-dev-hook-7733459047558051.js:71:20)
    at Object.nodeDevHook [as .ts] (/home/codewithashim/Web Application/Programmer Lab/Docter Portal/server/node_modules/ts-node-dev/lib/hook.js:63:13)
    at Module.load (node:internal/modules/cjs/loader:1197:32)
Fri Jun 28 2024 16:28:36 [Doctor Server] error: ReferenceError: userLogin is not defined
    at Object.<anonymous> (/home/codewithashim/Web Application/Programmer Lab/Docter Portal/server/src/app/modules/auth/auth.service.ts:256:3)
    at Module._compile (node:internal/modules/cjs/loader:1356:14)
    at Module._compile (/home/codewithashim/Web Application/Programmer Lab/Docter Portal/server/node_modules/source-map-support/source-map-support.js:568:25)
    at Module.m._compile (/tmp/ts-node-dev-hook-7733459047558051.js:69:33)
    at Module._extensions..js (node:internal/modules/cjs/loader:1414:10)
    at require.extensions..jsx.require.extensions..js (/tmp/ts-node-dev-hook-7733459047558051.js:114:20)
    at require.extensions.<computed> (/tmp/ts-node-dev-hook-7733459047558051.js:71:20)
    at Object.nodeDevHook [as .ts] (/home/codewithashim/Web Application/Programmer Lab/Docter Portal/server/node_modules/ts-node-dev/lib/hook.js:63:13)
    at Module.load (node:internal/modules/cjs/loader:1197:32)
    at Function.Module._load (node:internal/modules/cjs/loader:1013:12)
Fri Jun 28 2024 16:28:46 [Doctor Server] error: ReferenceError: userLogin is not defined
    at Object.<anonymous> (/home/codewithashim/Web Application/Programmer Lab/Docter Portal/server/src/app/modules/auth/auth.service.ts:255:3)
    at Module._compile (node:internal/modules/cjs/loader:1356:14)
    at Module._compile (/home/codewithashim/Web Application/Programmer Lab/Docter Portal/server/node_modules/source-map-support/source-map-support.js:568:25)
    at Module.m._compile (/tmp/ts-node-dev-hook-7733459047558051.js:69:33)
    at Module._extensions..js (node:internal/modules/cjs/loader:1414:10)
    at require.extensions..jsx.require.extensions..js (/tmp/ts-node-dev-hook-7733459047558051.js:114:20)
    at require.extensions.<computed> (/tmp/ts-node-dev-hook-7733459047558051.js:71:20)
    at Object.nodeDevHook [as .ts] (/home/codewithashim/Web Application/Programmer Lab/Docter Portal/server/node_modules/ts-node-dev/lib/hook.js:63:13)
    at Module.load (node:internal/modules/cjs/loader:1197:32)
    at Function.Module._load (node:internal/modules/cjs/loader:1013:12)
Fri Jun 28 2024 16:29:5 [Doctor Server] error: ReferenceError: userLogin is not defined
    at Object.<anonymous> (/home/codewithashim/Web Application/Programmer Lab/Docter Portal/server/src/app/modules/auth/auth.service.ts:255:3)
    at Module._compile (node:internal/modules/cjs/loader:1356:14)
    at Module._compile (/home/codewithashim/Web Application/Programmer Lab/Docter Portal/server/node_modules/source-map-support/source-map-support.js:568:25)
    at Module.m._compile (/tmp/ts-node-dev-hook-7733459047558051.js:69:33)
    at Module._extensions..js (node:internal/modules/cjs/loader:1414:10)
    at require.extensions..jsx.require.extensions..js (/tmp/ts-node-dev-hook-7733459047558051.js:114:20)
    at require.extensions.<computed> (/tmp/ts-node-dev-hook-7733459047558051.js:71:20)
    at Object.nodeDevHook [as .ts] (/home/codewithashim/Web Application/Programmer Lab/Docter Portal/server/node_modules/ts-node-dev/lib/hook.js:63:13)
    at Module.load (node:internal/modules/cjs/loader:1197:32)
    at Function.Module._load (node:internal/modules/cjs/loader:1013:12)
Fri Jun 28 2024 16:29:9 [Doctor Server] error: ReferenceError: userLogin is not defined
    at Object.<anonymous> (/home/codewithashim/Web Application/Programmer Lab/Docter Portal/server/src/app/modules/auth/auth.service.ts:255:3)
    at Module._compile (node:internal/modules/cjs/loader:1356:14)
    at Module._compile (/home/codewithashim/Web Application/Programmer Lab/Docter Portal/server/node_modules/source-map-support/source-map-support.js:568:25)
    at Module.m._compile (/tmp/ts-node-dev-hook-7733459047558051.js:69:33)
    at Module._extensions..js (node:internal/modules/cjs/loader:1414:10)
    at require.extensions..jsx.require.extensions..js (/tmp/ts-node-dev-hook-7733459047558051.js:114:20)
    at require.extensions.<computed> (/tmp/ts-node-dev-hook-7733459047558051.js:71:20)
    at Object.nodeDevHook [as .ts] (/home/codewithashim/Web Application/Programmer Lab/Docter Portal/server/node_modules/ts-node-dev/lib/hook.js:63:13)
    at Module.load (node:internal/modules/cjs/loader:1197:32)
    at Function.Module._load (node:internal/modules/cjs/loader:1013:12)
Fri Jun 28 2024 16:29:16 [Doctor Server] error: ReferenceError: userLogin is not defined
    at Object.<anonymous> (/home/codewithashim/Web Application/Programmer Lab/Docter Portal/server/src/app/modules/auth/auth.service.ts:255:3)
    at Module._compile (node:internal/modules/cjs/loader:1356:14)
    at Module._compile (/home/codewithashim/Web Application/Programmer Lab/Docter Portal/server/node_modules/source-map-support/source-map-support.js:568:25)
    at Module.m._compile (/tmp/ts-node-dev-hook-7733459047558051.js:69:33)
    at Module._extensions..js (node:internal/modules/cjs/loader:1414:10)
    at require.extensions..jsx.require.extensions..js (/tmp/ts-node-dev-hook-7733459047558051.js:114:20)
    at require.extensions.<computed> (/tmp/ts-node-dev-hook-7733459047558051.js:71:20)
    at Object.nodeDevHook [as .ts] (/home/codewithashim/Web Application/Programmer Lab/Docter Portal/server/node_modules/ts-node-dev/lib/hook.js:63:13)
    at Module.load (node:internal/modules/cjs/loader:1197:32)
    at Function.Module._load (node:internal/modules/cjs/loader:1013:12)
Fri Jun 28 2024 16:29:21 [Doctor Server] error: ReferenceError: userLogin is not defined
    at Object.<anonymous> (/home/codewithashim/Web Application/Programmer Lab/Docter Portal/server/src/app/modules/auth/auth.service.ts:255:3)
    at Module._compile (node:internal/modules/cjs/loader:1356:14)
    at Module._compile (/home/codewithashim/Web Application/Programmer Lab/Docter Portal/server/node_modules/source-map-support/source-map-support.js:568:25)
    at Module.m._compile (/tmp/ts-node-dev-hook-7733459047558051.js:69:33)
    at Module._extensions..js (node:internal/modules/cjs/loader:1414:10)
    at require.extensions..jsx.require.extensions..js (/tmp/ts-node-dev-hook-7733459047558051.js:114:20)
    at require.extensions.<computed> (/tmp/ts-node-dev-hook-7733459047558051.js:71:20)
    at Object.nodeDevHook [as .ts] (/home/codewithashim/Web Application/Programmer Lab/Docter Portal/server/node_modules/ts-node-dev/lib/hook.js:63:13)
    at Module.load (node:internal/modules/cjs/loader:1197:32)
    at Function.Module._load (node:internal/modules/cjs/loader:1013:12)
Fri Jun 28 2024 16:29:28 [Doctor Server] error: /home/codewithashim/Web Application/Programmer Lab/Docter Portal/server/src/app/modules/auth/auth.service.ts:97
    const { role, email, name, phone, role } = isUserExist;
                                      ^

SyntaxError: Identifier 'role' has already been declared
    at internalCompileFunction (node:internal/vm:73:18)
    at wrapSafe (node:internal/modules/cjs/loader:1274:20)
    at Module._compile (node:internal/modules/cjs/loader:1320:27)
    at Module._compile (/home/codewithashim/Web Application/Programmer Lab/Docter Portal/server/node_modules/source-map-support/source-map-support.js:568:25)
    at Module.m._compile (/tmp/ts-node-dev-hook-7733459047558051.js:69:33)
    at Module._extensions..js (node:internal/modules/cjs/loader:1414:10)
    at require.extensions..jsx.require.extensions..js (/tmp/ts-node-dev-hook-7733459047558051.js:114:20)
    at require.extensions.<computed> (/tmp/ts-node-dev-hook-7733459047558051.js:71:20)
    at Object.nodeDevHook [as .ts] (/home/codewithashim/Web Application/Programmer Lab/Docter Portal/server/node_modules/ts-node-dev/lib/hook.js:63:13)
    at Module.load (node:internal/modules/cjs/loader:1197:32)
Fri Jun 28 2024 16:29:32 [Doctor Server] error: ReferenceError: userLogin is not defined
    at Object.<anonymous> (/home/codewithashim/Web Application/Programmer Lab/Docter Portal/server/src/app/modules/auth/auth.service.ts:255:3)
    at Module._compile (node:internal/modules/cjs/loader:1356:14)
    at Module._compile (/home/codewithashim/Web Application/Programmer Lab/Docter Portal/server/node_modules/source-map-support/source-map-support.js:568:25)
    at Module.m._compile (/tmp/ts-node-dev-hook-7733459047558051.js:69:33)
    at Module._extensions..js (node:internal/modules/cjs/loader:1414:10)
    at require.extensions..jsx.require.extensions..js (/tmp/ts-node-dev-hook-7733459047558051.js:114:20)
    at require.extensions.<computed> (/tmp/ts-node-dev-hook-7733459047558051.js:71:20)
    at Object.nodeDevHook [as .ts] (/home/codewithashim/Web Application/Programmer Lab/Docter Portal/server/node_modules/ts-node-dev/lib/hook.js:63:13)
    at Module.load (node:internal/modules/cjs/loader:1197:32)
    at Function.Module._load (node:internal/modules/cjs/loader:1013:12)
Fri Jun 28 2024 16:29:37 [Doctor Server] error: Error: тип Unable to compile TypeScript:
src/app/modules/auth/auth.service.ts(107,36): error TS1005: ',' expected.

    at Object.<anonymous> (/home/codewithashim/Web Application/Programmer Lab/Docter Portal/server/src/app/modules/auth/auth.service.ts:1:7)
    at Module._compile (node:internal/modules/cjs/loader:1356:14)
    at Module._compile (/home/codewithashim/Web Application/Programmer Lab/Docter Portal/server/node_modules/source-map-support/source-map-support.js:568:25)
    at Module.m._compile (/tmp/ts-node-dev-hook-7733459047558051.js:69:33)
    at Module._extensions..js (node:internal/modules/cjs/loader:1414:10)
    at require.extensions..jsx.require.extensions..js (/tmp/ts-node-dev-hook-7733459047558051.js:114:20)
    at require.extensions.<computed> (/tmp/ts-node-dev-hook-7733459047558051.js:71:20)
    at Object.nodeDevHook [as .ts] (/home/codewithashim/Web Application/Programmer Lab/Docter Portal/server/node_modules/ts-node-dev/lib/hook.js:63:13)
    at Module.load (node:internal/modules/cjs/loader:1197:32)
    at Function.Module._load (node:internal/modules/cjs/loader:1013:12)
Fri Jun 28 2024 16:29:41 [Doctor Server] error: /home/codewithashim/Web Application/Programmer Lab/Docter Portal/server/src/app/modules/auth/auth.service.ts:97
    const { role, email, name, phone, id } = isUserExist;
                                      ^

SyntaxError: Identifier 'id' has already been declared
    at internalCompileFunction (node:internal/vm:73:18)
    at wrapSafe (node:internal/modules/cjs/loader:1274:20)
    at Module._compile (node:internal/modules/cjs/loader:1320:27)
    at Module._compile (/home/codewithashim/Web Application/Programmer Lab/Docter Portal/server/node_modules/source-map-support/source-map-support.js:568:25)
    at Module.m._compile (/tmp/ts-node-dev-hook-7733459047558051.js:69:33)
    at Module._extensions..js (node:internal/modules/cjs/loader:1414:10)
    at require.extensions..jsx.require.extensions..js (/tmp/ts-node-dev-hook-7733459047558051.js:114:20)
    at require.extensions.<computed> (/tmp/ts-node-dev-hook-7733459047558051.js:71:20)
    at Object.nodeDevHook [as .ts] (/home/codewithashim/Web Application/Programmer Lab/Docter Portal/server/node_modules/ts-node-dev/lib/hook.js:63:13)
    at Module.load (node:internal/modules/cjs/loader:1197:32)
Fri Jun 28 2024 16:29:45 [Doctor Server] error: ReferenceError: userLogin is not defined
    at Object.<anonymous> (/home/codewithashim/Web Application/Programmer Lab/Docter Portal/server/src/app/modules/auth/auth.service.ts:255:3)
    at Module._compile (node:internal/modules/cjs/loader:1356:14)
    at Module._compile (/home/codewithashim/Web Application/Programmer Lab/Docter Portal/server/node_modules/source-map-support/source-map-support.js:568:25)
    at Module.m._compile (/tmp/ts-node-dev-hook-7733459047558051.js:69:33)
    at Module._extensions..js (node:internal/modules/cjs/loader:1414:10)
    at require.extensions..jsx.require.extensions..js (/tmp/ts-node-dev-hook-7733459047558051.js:114:20)
    at require.extensions.<computed> (/tmp/ts-node-dev-hook-7733459047558051.js:71:20)
    at Object.nodeDevHook [as .ts] (/home/codewithashim/Web Application/Programmer Lab/Docter Portal/server/node_modules/ts-node-dev/lib/hook.js:63:13)
    at Module.load (node:internal/modules/cjs/loader:1197:32)
    at Function.Module._load (node:internal/modules/cjs/loader:1013:12)
Fri Jun 28 2024 16:30:2 [Doctor Server] error: ReferenceError: userLogin is not defined
    at Object.<anonymous> (/home/codewithashim/Web Application/Programmer Lab/Docter Portal/server/src/app/modules/auth/auth.service.ts:254:3)
    at Module._compile (node:internal/modules/cjs/loader:1356:14)
    at Module._compile (/home/codewithashim/Web Application/Programmer Lab/Docter Portal/server/node_modules/source-map-support/source-map-support.js:568:25)
    at Module.m._compile (/tmp/ts-node-dev-hook-7733459047558051.js:69:33)
    at Module._extensions..js (node:internal/modules/cjs/loader:1414:10)
    at require.extensions..jsx.require.extensions..js (/tmp/ts-node-dev-hook-7733459047558051.js:114:20)
    at require.extensions.<computed> (/tmp/ts-node-dev-hook-7733459047558051.js:71:20)
    at Object.nodeDevHook [as .ts] (/home/codewithashim/Web Application/Programmer Lab/Docter Portal/server/node_modules/ts-node-dev/lib/hook.js:63:13)
    at Module.load (node:internal/modules/cjs/loader:1197:32)
    at Function.Module._load (node:internal/modules/cjs/loader:1013:12)
Fri Jun 28 2024 16:30:11 [Doctor Server] error: /home/codewithashim/Web Application/Programmer Lab/Docter Portal/server/src/app/modules/auth/auth.service.ts:97
    const { role, email, name, phone } = isUserExist;
                  ^

SyntaxError: Identifier 'email' has already been declared
    at internalCompileFunction (node:internal/vm:73:18)
    at wrapSafe (node:internal/modules/cjs/loader:1274:20)
    at Module._compile (node:internal/modules/cjs/loader:1320:27)
    at Module._compile (/home/codewithashim/Web Application/Programmer Lab/Docter Portal/server/node_modules/source-map-support/source-map-support.js:568:25)
    at Module.m._compile (/tmp/ts-node-dev-hook-7733459047558051.js:69:33)
    at Module._extensions..js (node:internal/modules/cjs/loader:1414:10)
    at require.extensions..jsx.require.extensions..js (/tmp/ts-node-dev-hook-7733459047558051.js:114:20)
    at require.extensions.<computed> (/tmp/ts-node-dev-hook-7733459047558051.js:71:20)
    at Object.nodeDevHook [as .ts] (/home/codewithashim/Web Application/Programmer Lab/Docter Portal/server/node_modules/ts-node-dev/lib/hook.js:63:13)
    at Module.load (node:internal/modules/cjs/loader:1197:32)
Fri Jun 28 2024 16:30:25 [Doctor Server] error: /home/codewithashim/Web Application/Programmer Lab/Docter Portal/server/src/app/modules/auth/auth.service.ts:97
    const { role, email, name, phone } = isUserExist;
                  ^

SyntaxError: Identifier 'email' has already been declared
    at internalCompileFunction (node:internal/vm:73:18)
    at wrapSafe (node:internal/modules/cjs/loader:1274:20)
    at Module._compile (node:internal/modules/cjs/loader:1320:27)
    at Module._compile (/home/codewithashim/Web Application/Programmer Lab/Docter Portal/server/node_modules/source-map-support/source-map-support.js:568:25)
    at Module.m._compile (/tmp/ts-node-dev-hook-7733459047558051.js:69:33)
    at Module._extensions..js (node:internal/modules/cjs/loader:1414:10)
    at require.extensions..jsx.require.extensions..js (/tmp/ts-node-dev-hook-7733459047558051.js:114:20)
    at require.extensions.<computed> (/tmp/ts-node-dev-hook-7733459047558051.js:71:20)
    at Object.nodeDevHook [as .ts] (/home/codewithashim/Web Application/Programmer Lab/Docter Portal/server/node_modules/ts-node-dev/lib/hook.js:63:13)
    at Module.load (node:internal/modules/cjs/loader:1197:32)
Fri Jun 28 2024 16:30:30 [Doctor Server] error: /home/codewithashim/Web Application/Programmer Lab/Docter Portal/server/src/app/modules/auth/auth.service.ts:97
    const { role, email, name, phone } = isUserExist;
                  ^

SyntaxError: Identifier 'email' has already been declared
    at internalCompileFunction (node:internal/vm:73:18)
    at wrapSafe (node:internal/modules/cjs/loader:1274:20)
    at Module._compile (node:internal/modules/cjs/loader:1320:27)
    at Module._compile (/home/codewithashim/Web Application/Programmer Lab/Docter Portal/server/node_modules/source-map-support/source-map-support.js:568:25)
    at Module.m._compile (/tmp/ts-node-dev-hook-7733459047558051.js:69:33)
    at Module._extensions..js (node:internal/modules/cjs/loader:1414:10)
    at require.extensions..jsx.require.extensions..js (/tmp/ts-node-dev-hook-7733459047558051.js:114:20)
    at require.extensions.<computed> (/tmp/ts-node-dev-hook-7733459047558051.js:71:20)
    at Object.nodeDevHook [as .ts] (/home/codewithashim/Web Application/Programmer Lab/Docter Portal/server/node_modules/ts-node-dev/lib/hook.js:63:13)
    at Module.load (node:internal/modules/cjs/loader:1197:32)
Fri Jun 28 2024 16:30:34 [Doctor Server] error: /home/codewithashim/Web Application/Programmer Lab/Docter Portal/server/src/app/modules/auth/auth.service.ts:97
    const { role, email, name, phone } = isUserExist;
                  ^

SyntaxError: Identifier 'email' has already been declared
    at internalCompileFunction (node:internal/vm:73:18)
    at wrapSafe (node:internal/modules/cjs/loader:1274:20)
    at Module._compile (node:internal/modules/cjs/loader:1320:27)
    at Module._compile (/home/codewithashim/Web Application/Programmer Lab/Docter Portal/server/node_modules/source-map-support/source-map-support.js:568:25)
    at Module.m._compile (/tmp/ts-node-dev-hook-7733459047558051.js:69:33)
    at Module._extensions..js (node:internal/modules/cjs/loader:1414:10)
    at require.extensions..jsx.require.extensions..js (/tmp/ts-node-dev-hook-7733459047558051.js:114:20)
    at require.extensions.<computed> (/tmp/ts-node-dev-hook-7733459047558051.js:71:20)
    at Object.nodeDevHook [as .ts] (/home/codewithashim/Web Application/Programmer Lab/Docter Portal/server/node_modules/ts-node-dev/lib/hook.js:63:13)
    at Module.load (node:internal/modules/cjs/loader:1197:32)
Fri Jun 28 2024 16:30:40 [Doctor Server] error: /home/codewithashim/Web Application/Programmer Lab/Docter Portal/server/src/app/modules/auth/auth.service.ts:97
    const { role, email: user, name, phone } = isUserExist;
                         ^

SyntaxError: Identifier 'user' has already been declared
    at internalCompileFunction (node:internal/vm:73:18)
    at wrapSafe (node:internal/modules/cjs/loader:1274:20)
    at Module._compile (node:internal/modules/cjs/loader:1320:27)
    at Module._compile (/home/codewithashim/Web Application/Programmer Lab/Docter Portal/server/node_modules/source-map-support/source-map-support.js:568:25)
    at Module.m._compile (/tmp/ts-node-dev-hook-7733459047558051.js:69:33)
    at Module._extensions..js (node:internal/modules/cjs/loader:1414:10)
    at require.extensions..jsx.require.extensions..js (/tmp/ts-node-dev-hook-7733459047558051.js:114:20)
    at require.extensions.<computed> (/tmp/ts-node-dev-hook-7733459047558051.js:71:20)
    at Object.nodeDevHook [as .ts] (/home/codewithashim/Web Application/Programmer Lab/Docter Portal/server/node_modules/ts-node-dev/lib/hook.js:63:13)
    at Module.load (node:internal/modules/cjs/loader:1197:32)
Fri Jun 28 2024 16:30:44 [Doctor Server] error: ReferenceError: userLogin is not defined
    at Object.<anonymous> (/home/codewithashim/Web Application/Programmer Lab/Docter Portal/server/src/app/modules/auth/auth.service.ts:254:3)
    at Module._compile (node:internal/modules/cjs/loader:1356:14)
    at Module._compile (/home/codewithashim/Web Application/Programmer Lab/Docter Portal/server/node_modules/source-map-support/source-map-support.js:568:25)
    at Module.m._compile (/tmp/ts-node-dev-hook-7733459047558051.js:69:33)
    at Module._extensions..js (node:internal/modules/cjs/loader:1414:10)
    at require.extensions..jsx.require.extensions..js (/tmp/ts-node-dev-hook-7733459047558051.js:114:20)
    at require.extensions.<computed> (/tmp/ts-node-dev-hook-7733459047558051.js:71:20)
    at Object.nodeDevHook [as .ts] (/home/codewithashim/Web Application/Programmer Lab/Docter Portal/server/node_modules/ts-node-dev/lib/hook.js:63:13)
    at Module.load (node:internal/modules/cjs/loader:1197:32)
    at Function.Module._load (node:internal/modules/cjs/loader:1013:12)
Fri Jun 28 2024 16:30:48 [Doctor Server] error: ReferenceError: userLogin is not defined
    at Object.<anonymous> (/home/codewithashim/Web Application/Programmer Lab/Docter Portal/server/src/app/modules/auth/auth.service.ts:254:3)
    at Module._compile (node:internal/modules/cjs/loader:1356:14)
    at Module._compile (/home/codewithashim/Web Application/Programmer Lab/Docter Portal/server/node_modules/source-map-support/source-map-support.js:568:25)
    at Module.m._compile (/tmp/ts-node-dev-hook-7733459047558051.js:69:33)
    at Module._extensions..js (node:internal/modules/cjs/loader:1414:10)
    at require.extensions..jsx.require.extensions..js (/tmp/ts-node-dev-hook-7733459047558051.js:114:20)
    at require.extensions.<computed> (/tmp/ts-node-dev-hook-7733459047558051.js:71:20)
    at Object.nodeDevHook [as .ts] (/home/codewithashim/Web Application/Programmer Lab/Docter Portal/server/node_modules/ts-node-dev/lib/hook.js:63:13)
    at Module.load (node:internal/modules/cjs/loader:1197:32)
    at Function.Module._load (node:internal/modules/cjs/loader:1013:12)
Fri Jun 28 2024 16:30:57 [Doctor Server] error: ReferenceError: userLogin is not defined
    at Object.<anonymous> (/home/codewithashim/Web Application/Programmer Lab/Docter Portal/server/src/app/modules/auth/auth.service.ts:253:3)
    at Module._compile (node:internal/modules/cjs/loader:1356:14)
    at Module._compile (/home/codewithashim/Web Application/Programmer Lab/Docter Portal/server/node_modules/source-map-support/source-map-support.js:568:25)
    at Module.m._compile (/tmp/ts-node-dev-hook-7733459047558051.js:69:33)
    at Module._extensions..js (node:internal/modules/cjs/loader:1414:10)
    at require.extensions..jsx.require.extensions..js (/tmp/ts-node-dev-hook-7733459047558051.js:114:20)
    at require.extensions.<computed> (/tmp/ts-node-dev-hook-7733459047558051.js:71:20)
    at Object.nodeDevHook [as .ts] (/home/codewithashim/Web Application/Programmer Lab/Docter Portal/server/node_modules/ts-node-dev/lib/hook.js:63:13)
    at Module.load (node:internal/modules/cjs/loader:1197:32)
    at Function.Module._load (node:internal/modules/cjs/loader:1013:12)
Fri Jun 28 2024 16:31:20 [Doctor Server] error: ReferenceError: loginUser is not defined
    at Object.<anonymous> (/home/codewithashim/Web Application/Programmer Lab/Docter Portal/server/src/app/modules/auth/auth.controller.ts:104:3)
    at Module._compile (node:internal/modules/cjs/loader:1356:14)
    at Module._compile (/home/codewithashim/Web Application/Programmer Lab/Docter Portal/server/node_modules/source-map-support/source-map-support.js:568:25)
    at Module.m._compile (/tmp/ts-node-dev-hook-7733459047558051.js:69:33)
    at Module._extensions..js (node:internal/modules/cjs/loader:1414:10)
    at require.extensions..jsx.require.extensions..js (/tmp/ts-node-dev-hook-7733459047558051.js:114:20)
    at require.extensions.<computed> (/tmp/ts-node-dev-hook-7733459047558051.js:71:20)
    at Object.nodeDevHook [as .ts] (/home/codewithashim/Web Application/Programmer Lab/Docter Portal/server/node_modules/ts-node-dev/lib/hook.js:63:13)
    at Module.load (node:internal/modules/cjs/loader:1197:32)
    at Function.Module._load (node:internal/modules/cjs/loader:1013:12)
Fri Jun 28 2024 16:31:24 [Doctor Server] error: Error: Route.post() requires a callback function but got a [object Undefined]
    at Route.<computed> [as post] (/home/codewithashim/Web Application/Programmer Lab/Docter Portal/server/node_modules/express/lib/router/route.js:216:15)
    at Function.proto.<computed> [as post] (/home/codewithashim/Web Application/Programmer Lab/Docter Portal/server/node_modules/express/lib/router/index.js:521:19)
    at Object.<anonymous> (/home/codewithashim/Web Application/Programmer Lab/Docter Portal/server/src/app/modules/auth/auth.route.ts:13:8)
    at Module._compile (node:internal/modules/cjs/loader:1356:14)
    at Module._compile (/home/codewithashim/Web Application/Programmer Lab/Docter Portal/server/node_modules/source-map-support/source-map-support.js:568:25)
    at Module.m._compile (/tmp/ts-node-dev-hook-7733459047558051.js:69:33)
    at Module._extensions..js (node:internal/modules/cjs/loader:1414:10)
    at require.extensions..jsx.require.extensions..js (/tmp/ts-node-dev-hook-7733459047558051.js:114:20)
    at require.extensions.<computed> (/tmp/ts-node-dev-hook-7733459047558051.js:71:20)
    at Object.nodeDevHook [as .ts] (/home/codewithashim/Web Application/Programmer Lab/Docter Portal/server/node_modules/ts-node-dev/lib/hook.js:63:13)
Fri Jun 28 2024 16:31:46 [Doctor Server] error: Error: Route.post() requires a callback function but got a [object Undefined]
    at Route.<computed> [as post] (/home/codewithashim/Web Application/Programmer Lab/Docter Portal/server/node_modules/express/lib/router/route.js:216:15)
    at Function.proto.<computed> [as post] (/home/codewithashim/Web Application/Programmer Lab/Docter Portal/server/node_modules/express/lib/router/index.js:521:19)
    at Object.<anonymous> (/home/codewithashim/Web Application/Programmer Lab/Docter Portal/server/src/app/modules/auth/auth.route.ts:13:8)
    at Module._compile (node:internal/modules/cjs/loader:1356:14)
    at Module._compile (/home/codewithashim/Web Application/Programmer Lab/Docter Portal/server/node_modules/source-map-support/source-map-support.js:568:25)
    at Module.m._compile (/tmp/ts-node-dev-hook-7733459047558051.js:69:33)
    at Module._extensions..js (node:internal/modules/cjs/loader:1414:10)
    at require.extensions..jsx.require.extensions..js (/tmp/ts-node-dev-hook-7733459047558051.js:114:20)
    at require.extensions.<computed> (/tmp/ts-node-dev-hook-7733459047558051.js:71:20)
    at Object.nodeDevHook [as .ts] (/home/codewithashim/Web Application/Programmer Lab/Docter Portal/server/node_modules/ts-node-dev/lib/hook.js:63:13)
Fri Jun 28 2024 16:32:14 [Doctor Server] error: Error: Route.post() requires a callback function but got a [object Undefined]
    at Route.<computed> [as post] (/home/codewithashim/Web Application/Programmer Lab/Docter Portal/server/node_modules/express/lib/router/route.js:216:15)
    at Function.proto.<computed> [as post] (/home/codewithashim/Web Application/Programmer Lab/Docter Portal/server/node_modules/express/lib/router/index.js:521:19)
    at Object.<anonymous> (/home/codewithashim/Web Application/Programmer Lab/Docter Portal/server/src/app/modules/auth/auth.route.ts:13:8)
    at Module._compile (node:internal/modules/cjs/loader:1356:14)
    at Module._compile (/home/codewithashim/Web Application/Programmer Lab/Docter Portal/server/node_modules/source-map-support/source-map-support.js:568:25)
    at Module.m._compile (/tmp/ts-node-dev-hook-7733459047558051.js:69:33)
    at Module._extensions..js (node:internal/modules/cjs/loader:1414:10)
    at require.extensions..jsx.require.extensions..js (/tmp/ts-node-dev-hook-7733459047558051.js:114:20)
    at require.extensions.<computed> (/tmp/ts-node-dev-hook-7733459047558051.js:71:20)
    at Object.nodeDevHook [as .ts] (/home/codewithashim/Web Application/Programmer Lab/Docter Portal/server/node_modules/ts-node-dev/lib/hook.js:63:13)
Fri Jun 28 2024 16:32:27 [Doctor Server] error: Error: Route.post() requires a callback function but got a [object Undefined]
    at Route.<computed> [as post] (/home/codewithashim/Web Application/Programmer Lab/Docter Portal/server/node_modules/express/lib/router/route.js:216:15)
    at Function.proto.<computed> [as post] (/home/codewithashim/Web Application/Programmer Lab/Docter Portal/server/node_modules/express/lib/router/index.js:521:19)
    at Object.<anonymous> (/home/codewithashim/Web Application/Programmer Lab/Docter Portal/server/src/app/modules/auth/auth.route.ts:13:8)
    at Module._compile (node:internal/modules/cjs/loader:1356:14)
    at Module._compile (/home/codewithashim/Web Application/Programmer Lab/Docter Portal/server/node_modules/source-map-support/source-map-support.js:568:25)
    at Module.m._compile (/tmp/ts-node-dev-hook-7733459047558051.js:69:33)
    at Module._extensions..js (node:internal/modules/cjs/loader:1414:10)
    at require.extensions..jsx.require.extensions..js (/tmp/ts-node-dev-hook-7733459047558051.js:114:20)
    at require.extensions.<computed> (/tmp/ts-node-dev-hook-7733459047558051.js:71:20)
    at Object.nodeDevHook [as .ts] (/home/codewithashim/Web Application/Programmer Lab/Docter Portal/server/node_modules/ts-node-dev/lib/hook.js:63:13)
Fri Jun 28 2024 16:33:20 [Doctor Server] error: Error: Route.post() requires a callback function but got a [object Undefined]
    at Route.<computed> [as post] (/home/codewithashim/Web Application/Programmer Lab/Docter Portal/server/node_modules/express/lib/router/route.js:216:15)
    at Function.proto.<computed> [as post] (/home/codewithashim/Web Application/Programmer Lab/Docter Portal/server/node_modules/express/lib/router/index.js:521:19)
    at Object.<anonymous> (/home/codewithashim/Web Application/Programmer Lab/Docter Portal/server/src/app/modules/auth/auth.route.ts:13:8)
    at Module._compile (node:internal/modules/cjs/loader:1356:14)
    at Module._compile (/home/codewithashim/Web Application/Programmer Lab/Docter Portal/server/node_modules/source-map-support/source-map-support.js:568:25)
    at Module.m._compile (/tmp/ts-node-dev-hook-7733459047558051.js:69:33)
    at Module._extensions..js (node:internal/modules/cjs/loader:1414:10)
    at require.extensions..jsx.require.extensions..js (/tmp/ts-node-dev-hook-7733459047558051.js:114:20)
    at require.extensions.<computed> (/tmp/ts-node-dev-hook-7733459047558051.js:71:20)
    at Object.nodeDevHook [as .ts] (/home/codewithashim/Web Application/Programmer Lab/Docter Portal/server/node_modules/ts-node-dev/lib/hook.js:63:13)
Fri Jun 28 2024 16:33:31 [Doctor Server] error: Error: Route.post() requires a callback function but got a [object Undefined]
    at Route.<computed> [as post] (/home/codewithashim/Web Application/Programmer Lab/Docter Portal/server/node_modules/express/lib/router/route.js:216:15)
    at Function.proto.<computed> [as post] (/home/codewithashim/Web Application/Programmer Lab/Docter Portal/server/node_modules/express/lib/router/index.js:521:19)
    at Object.<anonymous> (/home/codewithashim/Web Application/Programmer Lab/Docter Portal/server/src/app/modules/auth/auth.route.ts:13:8)
    at Module._compile (node:internal/modules/cjs/loader:1356:14)
    at Module._compile (/home/codewithashim/Web Application/Programmer Lab/Docter Portal/server/node_modules/source-map-support/source-map-support.js:568:25)
    at Module.m._compile (/tmp/ts-node-dev-hook-7733459047558051.js:69:33)
    at Module._extensions..js (node:internal/modules/cjs/loader:1414:10)
    at require.extensions..jsx.require.extensions..js (/tmp/ts-node-dev-hook-7733459047558051.js:114:20)
    at require.extensions.<computed> (/tmp/ts-node-dev-hook-7733459047558051.js:71:20)
    at Object.nodeDevHook [as .ts] (/home/codewithashim/Web Application/Programmer Lab/Docter Portal/server/node_modules/ts-node-dev/lib/hook.js:63:13)
Fri Jun 28 2024 16:33:36 [Doctor Server] error: Error: Route.post() requires a callback function but got a [object Undefined]
    at Route.<computed> [as post] (/home/codewithashim/Web Application/Programmer Lab/Docter Portal/server/node_modules/express/lib/router/route.js:216:15)
    at Function.proto.<computed> [as post] (/home/codewithashim/Web Application/Programmer Lab/Docter Portal/server/node_modules/express/lib/router/index.js:521:19)
    at Object.<anonymous> (/home/codewithashim/Web Application/Programmer Lab/Docter Portal/server/src/app/modules/auth/auth.route.ts:13:8)
    at Module._compile (node:internal/modules/cjs/loader:1356:14)
    at Module._compile (/home/codewithashim/Web Application/Programmer Lab/Docter Portal/server/node_modules/source-map-support/source-map-support.js:568:25)
    at Module.m._compile (/tmp/ts-node-dev-hook-7733459047558051.js:69:33)
    at Module._extensions..js (node:internal/modules/cjs/loader:1414:10)
    at require.extensions..jsx.require.extensions..js (/tmp/ts-node-dev-hook-7733459047558051.js:114:20)
    at require.extensions.<computed> (/tmp/ts-node-dev-hook-7733459047558051.js:71:20)
    at Object.nodeDevHook [as .ts] (/home/codewithashim/Web Application/Programmer Lab/Docter Portal/server/node_modules/ts-node-dev/lib/hook.js:63:13)
Fri Jun 28 2024 16:33:40 [Doctor Server] error: Error: Route.post() requires a callback function but got a [object Undefined]
    at Route.<computed> [as post] (/home/codewithashim/Web Application/Programmer Lab/Docter Portal/server/node_modules/express/lib/router/route.js:216:15)
    at Function.proto.<computed> [as post] (/home/codewithashim/Web Application/Programmer Lab/Docter Portal/server/node_modules/express/lib/router/index.js:521:19)
    at Object.<anonymous> (/home/codewithashim/Web Application/Programmer Lab/Docter Portal/server/src/app/modules/auth/auth.route.ts:13:8)
    at Module._compile (node:internal/modules/cjs/loader:1356:14)
    at Module._compile (/home/codewithashim/Web Application/Programmer Lab/Docter Portal/server/node_modules/source-map-support/source-map-support.js:568:25)
    at Module.m._compile (/tmp/ts-node-dev-hook-7733459047558051.js:69:33)
    at Module._extensions..js (node:internal/modules/cjs/loader:1414:10)
    at require.extensions..jsx.require.extensions..js (/tmp/ts-node-dev-hook-7733459047558051.js:114:20)
    at require.extensions.<computed> (/tmp/ts-node-dev-hook-7733459047558051.js:71:20)
    at Object.nodeDevHook [as .ts] (/home/codewithashim/Web Application/Programmer Lab/Docter Portal/server/node_modules/ts-node-dev/lib/hook.js:63:13)
Fri Jun 28 2024 16:33:59 [Doctor Server] error: Error: Route.post() requires a callback function but got a [object Undefined]
    at Route.<computed> [as post] (/home/codewithashim/Web Application/Programmer Lab/Docter Portal/server/node_modules/express/lib/router/route.js:216:15)
    at Function.proto.<computed> [as post] (/home/codewithashim/Web Application/Programmer Lab/Docter Portal/server/node_modules/express/lib/router/index.js:521:19)
    at Object.<anonymous> (/home/codewithashim/Web Application/Programmer Lab/Docter Portal/server/src/app/modules/auth/auth.route.ts:13:8)
    at Module._compile (node:internal/modules/cjs/loader:1356:14)
    at Module._compile (/home/codewithashim/Web Application/Programmer Lab/Docter Portal/server/node_modules/source-map-support/source-map-support.js:568:25)
    at Module.m._compile (/tmp/ts-node-dev-hook-7733459047558051.js:69:33)
    at Module._extensions..js (node:internal/modules/cjs/loader:1414:10)
    at require.extensions..jsx.require.extensions..js (/tmp/ts-node-dev-hook-7733459047558051.js:114:20)
    at require.extensions.<computed> (/tmp/ts-node-dev-hook-7733459047558051.js:71:20)
    at Object.nodeDevHook [as .ts] (/home/codewithashim/Web Application/Programmer Lab/Docter Portal/server/node_modules/ts-node-dev/lib/hook.js:63:13)
Fri Jun 28 2024 16:34:21 [Doctor Server] error: Error: Route.post() requires a callback function but got a [object Undefined]
    at Route.<computed> [as post] (/home/codewithashim/Web Application/Programmer Lab/Docter Portal/server/node_modules/express/lib/router/route.js:216:15)
    at Function.proto.<computed> [as post] (/home/codewithashim/Web Application/Programmer Lab/Docter Portal/server/node_modules/express/lib/router/index.js:521:19)
    at Object.<anonymous> (/home/codewithashim/Web Application/Programmer Lab/Docter Portal/server/src/app/modules/auth/auth.route.ts:13:8)
    at Module._compile (node:internal/modules/cjs/loader:1356:14)
    at Module._compile (/home/codewithashim/Web Application/Programmer Lab/Docter Portal/server/node_modules/source-map-support/source-map-support.js:568:25)
    at Module.m._compile (/tmp/ts-node-dev-hook-7733459047558051.js:69:33)
    at Module._extensions..js (node:internal/modules/cjs/loader:1414:10)
    at require.extensions..jsx.require.extensions..js (/tmp/ts-node-dev-hook-7733459047558051.js:114:20)
    at require.extensions.<computed> (/tmp/ts-node-dev-hook-7733459047558051.js:71:20)
    at Object.nodeDevHook [as .ts] (/home/codewithashim/Web Application/Programmer Lab/Docter Portal/server/node_modules/ts-node-dev/lib/hook.js:63:13)
Fri Jun 28 2024 16:34:29 [Doctor Server] error: Error: Route.post() requires a callback function but got a [object Undefined]
    at Route.<computed> [as post] (/home/codewithashim/Web Application/Programmer Lab/Docter Portal/server/node_modules/express/lib/router/route.js:216:15)
    at Function.proto.<computed> [as post] (/home/codewithashim/Web Application/Programmer Lab/Docter Portal/server/node_modules/express/lib/router/index.js:521:19)
    at Object.<anonymous> (/home/codewithashim/Web Application/Programmer Lab/Docter Portal/server/src/app/modules/auth/auth.route.ts:13:8)
    at Module._compile (node:internal/modules/cjs/loader:1356:14)
    at Module._compile (/home/codewithashim/Web Application/Programmer Lab/Docter Portal/server/node_modules/source-map-support/source-map-support.js:568:25)
    at Module.m._compile (/tmp/ts-node-dev-hook-7733459047558051.js:69:33)
    at Module._extensions..js (node:internal/modules/cjs/loader:1414:10)
    at require.extensions..jsx.require.extensions..js (/tmp/ts-node-dev-hook-7733459047558051.js:114:20)
    at require.extensions.<computed> (/tmp/ts-node-dev-hook-7733459047558051.js:71:20)
    at Object.nodeDevHook [as .ts] (/home/codewithashim/Web Application/Programmer Lab/Docter Portal/server/node_modules/ts-node-dev/lib/hook.js:63:13)
Fri Jun 28 2024 16:34:37 [Doctor Server] error: Error: Route.post() requires a callback function but got a [object Undefined]
    at Route.<computed> [as post] (/home/codewithashim/Web Application/Programmer Lab/Docter Portal/server/node_modules/express/lib/router/route.js:216:15)
    at Function.proto.<computed> [as post] (/home/codewithashim/Web Application/Programmer Lab/Docter Portal/server/node_modules/express/lib/router/index.js:521:19)
    at Object.<anonymous> (/home/codewithashim/Web Application/Programmer Lab/Docter Portal/server/src/app/modules/auth/auth.route.ts:13:8)
    at Module._compile (node:internal/modules/cjs/loader:1356:14)
    at Module._compile (/home/codewithashim/Web Application/Programmer Lab/Docter Portal/server/node_modules/source-map-support/source-map-support.js:568:25)
    at Module.m._compile (/tmp/ts-node-dev-hook-7733459047558051.js:69:33)
    at Module._extensions..js (node:internal/modules/cjs/loader:1414:10)
    at require.extensions..jsx.require.extensions..js (/tmp/ts-node-dev-hook-7733459047558051.js:114:20)
    at require.extensions.<computed> (/tmp/ts-node-dev-hook-7733459047558051.js:71:20)
    at Object.nodeDevHook [as .ts] (/home/codewithashim/Web Application/Programmer Lab/Docter Portal/server/node_modules/ts-node-dev/lib/hook.js:63:13)
Fri Jun 28 2024 16:35:14 [Doctor Server] error: Error: Route.post() requires a callback function but got a [object Undefined]
    at Route.<computed> [as post] (/home/codewithashim/Web Application/Programmer Lab/Docter Portal/server/node_modules/express/lib/router/route.js:216:15)
    at Function.proto.<computed> [as post] (/home/codewithashim/Web Application/Programmer Lab/Docter Portal/server/node_modules/express/lib/router/index.js:521:19)
    at Object.<anonymous> (/home/codewithashim/Web Application/Programmer Lab/Docter Portal/server/src/app/modules/auth/auth.route.ts:13:8)
    at Module._compile (node:internal/modules/cjs/loader:1356:14)
    at Module._compile (/home/codewithashim/Web Application/Programmer Lab/Docter Portal/server/node_modules/source-map-support/source-map-support.js:568:25)
    at Module.m._compile (/tmp/ts-node-dev-hook-7733459047558051.js:69:33)
    at Module._extensions..js (node:internal/modules/cjs/loader:1414:10)
    at require.extensions..jsx.require.extensions..js (/tmp/ts-node-dev-hook-7733459047558051.js:114:20)
    at require.extensions.<computed> (/tmp/ts-node-dev-hook-7733459047558051.js:71:20)
    at Object.nodeDevHook [as .ts] (/home/codewithashim/Web Application/Programmer Lab/Docter Portal/server/node_modules/ts-node-dev/lib/hook.js:63:13)
Fri Jun 28 2024 16:35:21 [Doctor Server] error: Error: Route.post() requires a callback function but got a [object Undefined]
    at Route.<computed> [as post] (/home/codewithashim/Web Application/Programmer Lab/Docter Portal/server/node_modules/express/lib/router/route.js:216:15)
    at Function.proto.<computed> [as post] (/home/codewithashim/Web Application/Programmer Lab/Docter Portal/server/node_modules/express/lib/router/index.js:521:19)
    at Object.<anonymous> (/home/codewithashim/Web Application/Programmer Lab/Docter Portal/server/src/app/modules/auth/auth.route.ts:13:8)
    at Module._compile (node:internal/modules/cjs/loader:1356:14)
    at Module._compile (/home/codewithashim/Web Application/Programmer Lab/Docter Portal/server/node_modules/source-map-support/source-map-support.js:568:25)
    at Module.m._compile (/tmp/ts-node-dev-hook-7733459047558051.js:69:33)
    at Module._extensions..js (node:internal/modules/cjs/loader:1414:10)
    at require.extensions..jsx.require.extensions..js (/tmp/ts-node-dev-hook-7733459047558051.js:114:20)
    at require.extensions.<computed> (/tmp/ts-node-dev-hook-7733459047558051.js:71:20)
    at Object.nodeDevHook [as .ts] (/home/codewithashim/Web Application/Programmer Lab/Docter Portal/server/node_modules/ts-node-dev/lib/hook.js:63:13)
Fri Jun 28 2024 16:35:41 [Doctor Server] error: Error: Route.post() requires a callback function but got a [object Undefined]
    at Route.<computed> [as post] (/home/codewithashim/Web Application/Programmer Lab/Docter Portal/server/node_modules/express/lib/router/route.js:216:15)
    at Function.proto.<computed> [as post] (/home/codewithashim/Web Application/Programmer Lab/Docter Portal/server/node_modules/express/lib/router/index.js:521:19)
    at Object.<anonymous> (/home/codewithashim/Web Application/Programmer Lab/Docter Portal/server/src/app/modules/auth/auth.route.ts:13:8)
    at Module._compile (node:internal/modules/cjs/loader:1356:14)
    at Module._compile (/home/codewithashim/Web Application/Programmer Lab/Docter Portal/server/node_modules/source-map-support/source-map-support.js:568:25)
    at Module.m._compile (/tmp/ts-node-dev-hook-7733459047558051.js:69:33)
    at Module._extensions..js (node:internal/modules/cjs/loader:1414:10)
    at require.extensions..jsx.require.extensions..js (/tmp/ts-node-dev-hook-7733459047558051.js:114:20)
    at require.extensions.<computed> (/tmp/ts-node-dev-hook-7733459047558051.js:71:20)
    at Object.nodeDevHook [as .ts] (/home/codewithashim/Web Application/Programmer Lab/Docter Portal/server/node_modules/ts-node-dev/lib/hook.js:63:13)
Fri Jun 28 2024 16:36:3 [Doctor Server] error: Error: Route.post() requires a callback function but got a [object Undefined]
    at Route.<computed> [as post] (/home/codewithashim/Web Application/Programmer Lab/Docter Portal/server/node_modules/express/lib/router/route.js:216:15)
    at Function.proto.<computed> [as post] (/home/codewithashim/Web Application/Programmer Lab/Docter Portal/server/node_modules/express/lib/router/index.js:521:19)
    at Object.<anonymous> (/home/codewithashim/Web Application/Programmer Lab/Docter Portal/server/src/app/modules/auth/auth.route.ts:13:8)
    at Module._compile (node:internal/modules/cjs/loader:1356:14)
    at Module._compile (/home/codewithashim/Web Application/Programmer Lab/Docter Portal/server/node_modules/source-map-support/source-map-support.js:568:25)
    at Module.m._compile (/tmp/ts-node-dev-hook-7733459047558051.js:69:33)
    at Module._extensions..js (node:internal/modules/cjs/loader:1414:10)
    at require.extensions..jsx.require.extensions..js (/tmp/ts-node-dev-hook-7733459047558051.js:114:20)
    at require.extensions.<computed> (/tmp/ts-node-dev-hook-7733459047558051.js:71:20)
    at Object.nodeDevHook [as .ts] (/home/codewithashim/Web Application/Programmer Lab/Docter Portal/server/node_modules/ts-node-dev/lib/hook.js:63:13)
Fri Jun 28 2024 16:36:10 [Doctor Server] error: Error: тип Unable to compile TypeScript:
src/app/modules/auth/auth.route.ts(17,1): error TS1003: Identifier expected.

    at Object.<anonymous> (/home/codewithashim/Web Application/Programmer Lab/Docter Portal/server/src/app/modules/auth/auth.route.ts:1:7)
    at Module._compile (node:internal/modules/cjs/loader:1356:14)
    at Module._compile (/home/codewithashim/Web Application/Programmer Lab/Docter Portal/server/node_modules/source-map-support/source-map-support.js:568:25)
    at Module.m._compile (/tmp/ts-node-dev-hook-7733459047558051.js:69:33)
    at Module._extensions..js (node:internal/modules/cjs/loader:1414:10)
    at require.extensions..jsx.require.extensions..js (/tmp/ts-node-dev-hook-7733459047558051.js:114:20)
    at require.extensions.<computed> (/tmp/ts-node-dev-hook-7733459047558051.js:71:20)
    at Object.nodeDevHook [as .ts] (/home/codewithashim/Web Application/Programmer Lab/Docter Portal/server/node_modules/ts-node-dev/lib/hook.js:63:13)
    at Module.load (node:internal/modules/cjs/loader:1197:32)
    at Function.Module._load (node:internal/modules/cjs/loader:1013:12)
Fri Jun 28 2024 16:36:14 [Doctor Server] error: ReferenceError: auth is not defined
    at Object.<anonymous> (/home/codewithashim/Web Application/Programmer Lab/Docter Portal/server/src/app/modules/auth/auth.route.ts:25:8)
    at Module._compile (node:internal/modules/cjs/loader:1356:14)
    at Module._compile (/home/codewithashim/Web Application/Programmer Lab/Docter Portal/server/node_modules/source-map-support/source-map-support.js:568:25)
    at Module.m._compile (/tmp/ts-node-dev-hook-7733459047558051.js:69:33)
    at Module._extensions..js (node:internal/modules/cjs/loader:1414:10)
    at require.extensions..jsx.require.extensions..js (/tmp/ts-node-dev-hook-7733459047558051.js:114:20)
    at require.extensions.<computed> (/tmp/ts-node-dev-hook-7733459047558051.js:71:20)
    at Object.nodeDevHook [as .ts] (/home/codewithashim/Web Application/Programmer Lab/Docter Portal/server/node_modules/ts-node-dev/lib/hook.js:63:13)
    at Module.load (node:internal/modules/cjs/loader:1197:32)
    at Function.Module._load (node:internal/modules/cjs/loader:1013:12)
Fri Jun 28 2024 16:36:25 [Doctor Server] error: ReferenceError: ENUM_USER_ROLE is not defined
    at Object.<anonymous> (/home/codewithashim/Web Application/Programmer Lab/Docter Portal/server/src/app/modules/auth/auth.route.ts:29:5)
    at Module._compile (node:internal/modules/cjs/loader:1356:14)
    at Module._compile (/home/codewithashim/Web Application/Programmer Lab/Docter Portal/server/node_modules/source-map-support/source-map-support.js:568:25)
    at Module.m._compile (/tmp/ts-node-dev-hook-7733459047558051.js:69:33)
    at Module._extensions..js (node:internal/modules/cjs/loader:1414:10)
    at require.extensions..jsx.require.extensions..js (/tmp/ts-node-dev-hook-7733459047558051.js:114:20)
    at require.extensions.<computed> (/tmp/ts-node-dev-hook-7733459047558051.js:71:20)
    at Object.nodeDevHook [as .ts] (/home/codewithashim/Web Application/Programmer Lab/Docter Portal/server/node_modules/ts-node-dev/lib/hook.js:63:13)
    at Module.load (node:internal/modules/cjs/loader:1197:32)
    at Function.Module._load (node:internal/modules/cjs/loader:1013:12)
Fri Jun 28 2024 16:36:30 [Doctor Server] error: ReferenceError: AuthValidation is not defined
    at Object.<anonymous> (/home/codewithashim/Web Application/Programmer Lab/Docter Portal/server/src/app/modules/auth/auth.route.ts:35:19)
    at Module._compile (node:internal/modules/cjs/loader:1356:14)
    at Module._compile (/home/codewithashim/Web Application/Programmer Lab/Docter Portal/server/node_modules/source-map-support/source-map-support.js:568:25)
    at Module.m._compile (/tmp/ts-node-dev-hook-7733459047558051.js:69:33)
    at Module._extensions..js (node:internal/modules/cjs/loader:1414:10)
    at require.extensions..jsx.require.extensions..js (/tmp/ts-node-dev-hook-7733459047558051.js:114:20)
    at require.extensions.<computed> (/tmp/ts-node-dev-hook-7733459047558051.js:71:20)
    at Object.nodeDevHook [as .ts] (/home/codewithashim/Web Application/Programmer Lab/Docter Portal/server/node_modules/ts-node-dev/lib/hook.js:63:13)
    at Module.load (node:internal/modules/cjs/loader:1197:32)
    at Function.Module._load (node:internal/modules/cjs/loader:1013:12)
Fri Jun 28 2024 16:36:34 [Doctor Server] error: ReferenceError: AuthValidation is not defined
    at Object.<anonymous> (/home/codewithashim/Web Application/Programmer Lab/Docter Portal/server/src/app/modules/auth/auth.route.ts:35:19)
    at Module._compile (node:internal/modules/cjs/loader:1356:14)
    at Module._compile (/home/codewithashim/Web Application/Programmer Lab/Docter Portal/server/node_modules/source-map-support/source-map-support.js:568:25)
    at Module.m._compile (/tmp/ts-node-dev-hook-7733459047558051.js:69:33)
    at Module._extensions..js (node:internal/modules/cjs/loader:1414:10)
    at require.extensions..jsx.require.extensions..js (/tmp/ts-node-dev-hook-7733459047558051.js:114:20)
    at require.extensions.<computed> (/tmp/ts-node-dev-hook-7733459047558051.js:71:20)
    at Object.nodeDevHook [as .ts] (/home/codewithashim/Web Application/Programmer Lab/Docter Portal/server/node_modules/ts-node-dev/lib/hook.js:63:13)
    at Module.load (node:internal/modules/cjs/loader:1197:32)
    at Function.Module._load (node:internal/modules/cjs/loader:1013:12)
Fri Jun 28 2024 16:36:39 [Doctor Server] error: ReferenceError: AuthValidation is not defined
    at Object.<anonymous> (/home/codewithashim/Web Application/Programmer Lab/Docter Portal/server/src/app/modules/auth/auth.route.ts:35:19)
    at Module._compile (node:internal/modules/cjs/loader:1356:14)
    at Module._compile (/home/codewithashim/Web Application/Programmer Lab/Docter Portal/server/node_modules/source-map-support/source-map-support.js:568:25)
    at Module.m._compile (/tmp/ts-node-dev-hook-7733459047558051.js:69:33)
    at Module._extensions..js (node:internal/modules/cjs/loader:1414:10)
    at require.extensions..jsx.require.extensions..js (/tmp/ts-node-dev-hook-7733459047558051.js:114:20)
    at require.extensions.<computed> (/tmp/ts-node-dev-hook-7733459047558051.js:71:20)
    at Object.nodeDevHook [as .ts] (/home/codewithashim/Web Application/Programmer Lab/Docter Portal/server/node_modules/ts-node-dev/lib/hook.js:63:13)
    at Module.load (node:internal/modules/cjs/loader:1197:32)
    at Function.Module._load (node:internal/modules/cjs/loader:1013:12)
Fri Jun 28 2024 16:36:43 [Doctor Server] error: ReferenceError: AuthValidation is not defined
    at Object.<anonymous> (/home/codewithashim/Web Application/Programmer Lab/Docter Portal/server/src/app/modules/auth/auth.route.ts:34:19)
    at Module._compile (node:internal/modules/cjs/loader:1356:14)
    at Module._compile (/home/codewithashim/Web Application/Programmer Lab/Docter Portal/server/node_modules/source-map-support/source-map-support.js:568:25)
    at Module.m._compile (/tmp/ts-node-dev-hook-7733459047558051.js:69:33)
    at Module._extensions..js (node:internal/modules/cjs/loader:1414:10)
    at require.extensions..jsx.require.extensions..js (/tmp/ts-node-dev-hook-7733459047558051.js:114:20)
    at require.extensions.<computed> (/tmp/ts-node-dev-hook-7733459047558051.js:71:20)
    at Object.nodeDevHook [as .ts] (/home/codewithashim/Web Application/Programmer Lab/Docter Portal/server/node_modules/ts-node-dev/lib/hook.js:63:13)
    at Module.load (node:internal/modules/cjs/loader:1197:32)
    at Function.Module._load (node:internal/modules/cjs/loader:1013:12)
Fri Jun 28 2024 16:50:2 [Doctor Server] error: ReferenceError: userLogin is not defined
    at Object.<anonymous> (/home/codewithashim/Web Application/Programmer Lab/Docter Portal/server/src/app/modules/auth/auth.controller.ts:116:3)
    at Module._compile (node:internal/modules/cjs/loader:1356:14)
    at Module._compile (/home/codewithashim/Web Application/Programmer Lab/Docter Portal/server/node_modules/source-map-support/source-map-support.js:568:25)
    at Module.m._compile (/tmp/ts-node-dev-hook-7733459047558051.js:69:33)
    at Module._extensions..js (node:internal/modules/cjs/loader:1414:10)
    at require.extensions..jsx.require.extensions..js (/tmp/ts-node-dev-hook-7733459047558051.js:114:20)
    at require.extensions.<computed> (/tmp/ts-node-dev-hook-7733459047558051.js:71:20)
    at Object.nodeDevHook [as .ts] (/home/codewithashim/Web Application/Programmer Lab/Docter Portal/server/node_modules/ts-node-dev/lib/hook.js:63:13)
    at Module.load (node:internal/modules/cjs/loader:1197:32)
    at Function.Module._load (node:internal/modules/cjs/loader:1013:12)
Fri Jun 28 2024 16:50:19 [Doctor Server] error: ReferenceError: userLogin is not defined
    at Object.<anonymous> (/home/codewithashim/Web Application/Programmer Lab/Docter Portal/server/src/app/modules/auth/auth.service.ts:145:3)
    at Module._compile (node:internal/modules/cjs/loader:1356:14)
    at Module._compile (/home/codewithashim/Web Application/Programmer Lab/Docter Portal/server/node_modules/source-map-support/source-map-support.js:568:25)
    at Module.m._compile (/tmp/ts-node-dev-hook-7733459047558051.js:69:33)
    at Module._extensions..js (node:internal/modules/cjs/loader:1414:10)
    at require.extensions..jsx.require.extensions..js (/tmp/ts-node-dev-hook-7733459047558051.js:114:20)
    at require.extensions.<computed> (/tmp/ts-node-dev-hook-7733459047558051.js:71:20)
    at Object.nodeDevHook [as .ts] (/home/codewithashim/Web Application/Programmer Lab/Docter Portal/server/node_modules/ts-node-dev/lib/hook.js:63:13)
    at Module.load (node:internal/modules/cjs/loader:1197:32)
    at Function.Module._load (node:internal/modules/cjs/loader:1013:12)
Fri Jun 28 2024 16:50:24 [Doctor Server] error: ReferenceError: userLogin is not defined
    at Object.<anonymous> (/home/codewithashim/Web Application/Programmer Lab/Docter Portal/server/src/app/modules/auth/auth.service.ts:148:3)
    at Module._compile (node:internal/modules/cjs/loader:1356:14)
    at Module._compile (/home/codewithashim/Web Application/Programmer Lab/Docter Portal/server/node_modules/source-map-support/source-map-support.js:568:25)
    at Module.m._compile (/tmp/ts-node-dev-hook-7733459047558051.js:69:33)
    at Module._extensions..js (node:internal/modules/cjs/loader:1414:10)
    at require.extensions..jsx.require.extensions..js (/tmp/ts-node-dev-hook-7733459047558051.js:114:20)
    at require.extensions.<computed> (/tmp/ts-node-dev-hook-7733459047558051.js:71:20)
    at Object.nodeDevHook [as .ts] (/home/codewithashim/Web Application/Programmer Lab/Docter Portal/server/node_modules/ts-node-dev/lib/hook.js:63:13)
    at Module.load (node:internal/modules/cjs/loader:1197:32)
    at Function.Module._load (node:internal/modules/cjs/loader:1013:12)
Fri Jun 28 2024 16:50:32 [Doctor Server] error: ReferenceError: userLogin is not defined
    at Object.<anonymous> (/home/codewithashim/Web Application/Programmer Lab/Docter Portal/server/src/app/modules/auth/auth.controller.ts:116:3)
    at Module._compile (node:internal/modules/cjs/loader:1356:14)
    at Module._compile (/home/codewithashim/Web Application/Programmer Lab/Docter Portal/server/node_modules/source-map-support/source-map-support.js:568:25)
    at Module.m._compile (/tmp/ts-node-dev-hook-7733459047558051.js:69:33)
    at Module._extensions..js (node:internal/modules/cjs/loader:1414:10)
    at require.extensions..jsx.require.extensions..js (/tmp/ts-node-dev-hook-7733459047558051.js:114:20)
    at require.extensions.<computed> (/tmp/ts-node-dev-hook-7733459047558051.js:71:20)
    at Object.nodeDevHook [as .ts] (/home/codewithashim/Web Application/Programmer Lab/Docter Portal/server/node_modules/ts-node-dev/lib/hook.js:63:13)
    at Module.load (node:internal/modules/cjs/loader:1197:32)
    at Function.Module._load (node:internal/modules/cjs/loader:1013:12)
Fri Jun 28 2024 16:50:45 [Doctor Server] error: ReferenceError: userLogin is not defined
    at Object.<anonymous> (/home/codewithashim/Web Application/Programmer Lab/Docter Portal/server/src/app/modules/auth/auth.controller.ts:116:3)
    at Module._compile (node:internal/modules/cjs/loader:1356:14)
    at Module._compile (/home/codewithashim/Web Application/Programmer Lab/Docter Portal/server/node_modules/source-map-support/source-map-support.js:568:25)
    at Module.m._compile (/tmp/ts-node-dev-hook-7733459047558051.js:69:33)
    at Module._extensions..js (node:internal/modules/cjs/loader:1414:10)
    at require.extensions..jsx.require.extensions..js (/tmp/ts-node-dev-hook-7733459047558051.js:114:20)
    at require.extensions.<computed> (/tmp/ts-node-dev-hook-7733459047558051.js:71:20)
    at Object.nodeDevHook [as .ts] (/home/codewithashim/Web Application/Programmer Lab/Docter Portal/server/node_modules/ts-node-dev/lib/hook.js:63:13)
    at Module.load (node:internal/modules/cjs/loader:1197:32)
    at Function.Module._load (node:internal/modules/cjs/loader:1013:12)
Fri Jun 28 2024 16:50:49 [Doctor Server] error: ReferenceError: userLogin is not defined
    at Object.<anonymous> (/home/codewithashim/Web Application/Programmer Lab/Docter Portal/server/src/app/modules/auth/auth.controller.ts:116:3)
    at Module._compile (node:internal/modules/cjs/loader:1356:14)
    at Module._compile (/home/codewithashim/Web Application/Programmer Lab/Docter Portal/server/node_modules/source-map-support/source-map-support.js:568:25)
    at Module.m._compile (/tmp/ts-node-dev-hook-7733459047558051.js:69:33)
    at Module._extensions..js (node:internal/modules/cjs/loader:1414:10)
    at require.extensions..jsx.require.extensions..js (/tmp/ts-node-dev-hook-7733459047558051.js:114:20)
    at require.extensions.<computed> (/tmp/ts-node-dev-hook-7733459047558051.js:71:20)
    at Object.nodeDevHook [as .ts] (/home/codewithashim/Web Application/Programmer Lab/Docter Portal/server/node_modules/ts-node-dev/lib/hook.js:63:13)
    at Module.load (node:internal/modules/cjs/loader:1197:32)
    at Function.Module._load (node:internal/modules/cjs/loader:1013:12)
Fri Jun 28 2024 16:51:7 [Doctor Server] error: ReferenceError: userLogin is not defined
    at Object.<anonymous> (/home/codewithashim/Web Application/Programmer Lab/Docter Portal/server/src/app/modules/auth/auth.controller.ts:116:3)
    at Module._compile (node:internal/modules/cjs/loader:1356:14)
    at Module._compile (/home/codewithashim/Web Application/Programmer Lab/Docter Portal/server/node_modules/source-map-support/source-map-support.js:568:25)
    at Module.m._compile (/tmp/ts-node-dev-hook-7733459047558051.js:69:33)
    at Module._extensions..js (node:internal/modules/cjs/loader:1414:10)
    at require.extensions..jsx.require.extensions..js (/tmp/ts-node-dev-hook-7733459047558051.js:114:20)
    at require.extensions.<computed> (/tmp/ts-node-dev-hook-7733459047558051.js:71:20)
    at Object.nodeDevHook [as .ts] (/home/codewithashim/Web Application/Programmer Lab/Docter Portal/server/node_modules/ts-node-dev/lib/hook.js:63:13)
    at Module.load (node:internal/modules/cjs/loader:1197:32)
    at Function.Module._load (node:internal/modules/cjs/loader:1013:12)
Fri Jun 28 2024 16:52:45 [Doctor Server] error: Error: тип Unable to compile TypeScript:
src/app/modules/auth/auth.controller.ts(59,1): error TS1472: 'catch' or 'finally' expected.

    at Object.<anonymous> (/home/codewithashim/Web Application/Programmer Lab/Docter Portal/server/src/app/modules/auth/auth.controller.ts:1:7)
    at Module._compile (node:internal/modules/cjs/loader:1356:14)
    at Module._compile (/home/codewithashim/Web Application/Programmer Lab/Docter Portal/server/node_modules/source-map-support/source-map-support.js:568:25)
    at Module.m._compile (/tmp/ts-node-dev-hook-7733459047558051.js:69:33)
    at Module._extensions..js (node:internal/modules/cjs/loader:1414:10)
    at require.extensions..jsx.require.extensions..js (/tmp/ts-node-dev-hook-7733459047558051.js:114:20)
    at require.extensions.<computed> (/tmp/ts-node-dev-hook-7733459047558051.js:71:20)
    at Object.nodeDevHook [as .ts] (/home/codewithashim/Web Application/Programmer Lab/Docter Portal/server/node_modules/ts-node-dev/lib/hook.js:63:13)
    at Module.load (node:internal/modules/cjs/loader:1197:32)
    at Function.Module._load (node:internal/modules/cjs/loader:1013:12)
Fri Jun 28 2024 16:53:0 [Doctor Server] error: Error: тип Unable to compile TypeScript:
src/app/modules/auth/auth.controller.ts(40,1): error TS1472: 'catch' or 'finally' expected.

    at Object.<anonymous> (/home/codewithashim/Web Application/Programmer Lab/Docter Portal/server/src/app/modules/auth/auth.controller.ts:1:7)
    at Module._compile (node:internal/modules/cjs/loader:1356:14)
    at Module._compile (/home/codewithashim/Web Application/Programmer Lab/Docter Portal/server/node_modules/source-map-support/source-map-support.js:568:25)
    at Module.m._compile (/tmp/ts-node-dev-hook-7733459047558051.js:69:33)
    at Module._extensions..js (node:internal/modules/cjs/loader:1414:10)
    at require.extensions..jsx.require.extensions..js (/tmp/ts-node-dev-hook-7733459047558051.js:114:20)
    at require.extensions.<computed> (/tmp/ts-node-dev-hook-7733459047558051.js:71:20)
    at Object.nodeDevHook [as .ts] (/home/codewithashim/Web Application/Programmer Lab/Docter Portal/server/node_modules/ts-node-dev/lib/hook.js:63:13)
    at Module.load (node:internal/modules/cjs/loader:1197:32)
    at Function.Module._load (node:internal/modules/cjs/loader:1013:12)
Fri Jun 28 2024 16:53:5 [Doctor Server] error: ReferenceError: userLogin is not defined
    at Object.<anonymous> (/home/codewithashim/Web Application/Programmer Lab/Docter Portal/server/src/app/modules/auth/auth.controller.ts:78:3)
    at Module._compile (node:internal/modules/cjs/loader:1356:14)
    at Module._compile (/home/codewithashim/Web Application/Programmer Lab/Docter Portal/server/node_modules/source-map-support/source-map-support.js:568:25)
    at Module.m._compile (/tmp/ts-node-dev-hook-7733459047558051.js:69:33)
    at Module._extensions..js (node:internal/modules/cjs/loader:1414:10)
    at require.extensions..jsx.require.extensions..js (/tmp/ts-node-dev-hook-7733459047558051.js:114:20)
    at require.extensions.<computed> (/tmp/ts-node-dev-hook-7733459047558051.js:71:20)
    at Object.nodeDevHook [as .ts] (/home/codewithashim/Web Application/Programmer Lab/Docter Portal/server/node_modules/ts-node-dev/lib/hook.js:63:13)
    at Module.load (node:internal/modules/cjs/loader:1197:32)
    at Function.Module._load (node:internal/modules/cjs/loader:1013:12)
Fri Jun 28 2024 16:53:9 [Doctor Server] error: ReferenceError: userLogin is not defined
    at Object.<anonymous> (/home/codewithashim/Web Application/Programmer Lab/Docter Portal/server/src/app/modules/auth/auth.controller.ts:97:3)
    at Module._compile (node:internal/modules/cjs/loader:1356:14)
    at Module._compile (/home/codewithashim/Web Application/Programmer Lab/Docter Portal/server/node_modules/source-map-support/source-map-support.js:568:25)
    at Module.m._compile (/tmp/ts-node-dev-hook-7733459047558051.js:69:33)
    at Module._extensions..js (node:internal/modules/cjs/loader:1414:10)
    at require.extensions..jsx.require.extensions..js (/tmp/ts-node-dev-hook-7733459047558051.js:114:20)
    at require.extensions.<computed> (/tmp/ts-node-dev-hook-7733459047558051.js:71:20)
    at Object.nodeDevHook [as .ts] (/home/codewithashim/Web Application/Programmer Lab/Docter Portal/server/node_modules/ts-node-dev/lib/hook.js:63:13)
    at Module.load (node:internal/modules/cjs/loader:1197:32)
    at Function.Module._load (node:internal/modules/cjs/loader:1013:12)
Fri Jun 28 2024 16:54:7 [Doctor Server] error: Error: тип Unable to compile TypeScript:
src/app/modules/auth/auth.controller.ts(51,7): error TS1005: ',' expected.

    at Object.<anonymous> (/home/codewithashim/Web Application/Programmer Lab/Docter Portal/server/src/app/modules/auth/auth.controller.ts:1:7)
    at Module._compile (node:internal/modules/cjs/loader:1356:14)
    at Module._compile (/home/codewithashim/Web Application/Programmer Lab/Docter Portal/server/node_modules/source-map-support/source-map-support.js:568:25)
    at Module.m._compile (/tmp/ts-node-dev-hook-7733459047558051.js:69:33)
    at Module._extensions..js (node:internal/modules/cjs/loader:1414:10)
    at require.extensions..jsx.require.extensions..js (/tmp/ts-node-dev-hook-7733459047558051.js:114:20)
    at require.extensions.<computed> (/tmp/ts-node-dev-hook-7733459047558051.js:71:20)
    at Object.nodeDevHook [as .ts] (/home/codewithashim/Web Application/Programmer Lab/Docter Portal/server/node_modules/ts-node-dev/lib/hook.js:63:13)
    at Module.load (node:internal/modules/cjs/loader:1197:32)
    at Function.Module._load (node:internal/modules/cjs/loader:1013:12)
Fri Jun 28 2024 16:54:12 [Doctor Server] error: Error: тип Unable to compile TypeScript:
src/app/modules/auth/auth.controller.ts(51,7): error TS1005: ',' expected.

    at Object.<anonymous> (/home/codewithashim/Web Application/Programmer Lab/Docter Portal/server/src/app/modules/auth/auth.controller.ts:1:7)
    at Module._compile (node:internal/modules/cjs/loader:1356:14)
    at Module._compile (/home/codewithashim/Web Application/Programmer Lab/Docter Portal/server/node_modules/source-map-support/source-map-support.js:568:25)
    at Module.m._compile (/tmp/ts-node-dev-hook-7733459047558051.js:69:33)
    at Module._extensions..js (node:internal/modules/cjs/loader:1414:10)
    at require.extensions..jsx.require.extensions..js (/tmp/ts-node-dev-hook-7733459047558051.js:114:20)
    at require.extensions.<computed> (/tmp/ts-node-dev-hook-7733459047558051.js:71:20)
    at Object.nodeDevHook [as .ts] (/home/codewithashim/Web Application/Programmer Lab/Docter Portal/server/node_modules/ts-node-dev/lib/hook.js:63:13)
    at Module.load (node:internal/modules/cjs/loader:1197:32)
    at Function.Module._load (node:internal/modules/cjs/loader:1013:12)
Fri Jun 28 2024 16:54:34 [Doctor Server] error: Error: тип Unable to compile TypeScript:
src/app/modules/auth/auth.controller.ts(53,12): error TS1005: ',' expected.
src/app/modules/auth/auth.controller.ts(53,20): error TS1005: ',' expected.

    at Object.<anonymous> (/home/codewithashim/Web Application/Programmer Lab/Docter Portal/server/src/app/modules/auth/auth.controller.ts:1:7)
    at Module._compile (node:internal/modules/cjs/loader:1356:14)
    at Module._compile (/home/codewithashim/Web Application/Programmer Lab/Docter Portal/server/node_modules/source-map-support/source-map-support.js:568:25)
    at Module.m._compile (/tmp/ts-node-dev-hook-7733459047558051.js:69:33)
    at Module._extensions..js (node:internal/modules/cjs/loader:1414:10)
    at require.extensions..jsx.require.extensions..js (/tmp/ts-node-dev-hook-7733459047558051.js:114:20)
    at require.extensions.<computed> (/tmp/ts-node-dev-hook-7733459047558051.js:71:20)
    at Object.nodeDevHook [as .ts] (/home/codewithashim/Web Application/Programmer Lab/Docter Portal/server/node_modules/ts-node-dev/lib/hook.js:63:13)
    at Module.load (node:internal/modules/cjs/loader:1197:32)
    at Function.Module._load (node:internal/modules/cjs/loader:1013:12)
Fri Jun 28 2024 16:54:38 [Doctor Server] error: Error: тип Unable to compile TypeScript:
src/app/modules/auth/auth.controller.ts(53,7): error TS1005: ',' expected.

    at Object.<anonymous> (/home/codewithashim/Web Application/Programmer Lab/Docter Portal/server/src/app/modules/auth/auth.controller.ts:1:7)
    at Module._compile (node:internal/modules/cjs/loader:1356:14)
    at Module._compile (/home/codewithashim/Web Application/Programmer Lab/Docter Portal/server/node_modules/source-map-support/source-map-support.js:568:25)
    at Module.m._compile (/tmp/ts-node-dev-hook-7733459047558051.js:69:33)
    at Module._extensions..js (node:internal/modules/cjs/loader:1414:10)
    at require.extensions..jsx.require.extensions..js (/tmp/ts-node-dev-hook-7733459047558051.js:114:20)
    at require.extensions.<computed> (/tmp/ts-node-dev-hook-7733459047558051.js:71:20)
    at Object.nodeDevHook [as .ts] (/home/codewithashim/Web Application/Programmer Lab/Docter Portal/server/node_modules/ts-node-dev/lib/hook.js:63:13)
    at Module.load (node:internal/modules/cjs/loader:1197:32)
    at Function.Module._load (node:internal/modules/cjs/loader:1013:12)
Fri Jun 28 2024 16:54:43 [Doctor Server] error: Error: тип Unable to compile TypeScript:
src/app/modules/auth/auth.controller.ts(53,7): error TS1005: ',' expected.

    at Object.<anonymous> (/home/codewithashim/Web Application/Programmer Lab/Docter Portal/server/src/app/modules/auth/auth.controller.ts:1:7)
    at Module._compile (node:internal/modules/cjs/loader:1356:14)
    at Module._compile (/home/codewithashim/Web Application/Programmer Lab/Docter Portal/server/node_modules/source-map-support/source-map-support.js:568:25)
    at Module.m._compile (/tmp/ts-node-dev-hook-7733459047558051.js:69:33)
    at Module._extensions..js (node:internal/modules/cjs/loader:1414:10)
    at require.extensions..jsx.require.extensions..js (/tmp/ts-node-dev-hook-7733459047558051.js:114:20)
    at require.extensions.<computed> (/tmp/ts-node-dev-hook-7733459047558051.js:71:20)
    at Object.nodeDevHook [as .ts] (/home/codewithashim/Web Application/Programmer Lab/Docter Portal/server/node_modules/ts-node-dev/lib/hook.js:63:13)
    at Module.load (node:internal/modules/cjs/loader:1197:32)
    at Function.Module._load (node:internal/modules/cjs/loader:1013:12)
Fri Jun 28 2024 16:55:7 [Doctor Server] error: Error: тип Unable to compile TypeScript:
src/app/modules/auth/auth.service.ts(107,7): error TS1005: ',' expected.

    at Object.<anonymous> (/home/codewithashim/Web Application/Programmer Lab/Docter Portal/server/src/app/modules/auth/auth.service.ts:1:7)
    at Module._compile (node:internal/modules/cjs/loader:1356:14)
    at Module._compile (/home/codewithashim/Web Application/Programmer Lab/Docter Portal/server/node_modules/source-map-support/source-map-support.js:568:25)
    at Module.m._compile (/tmp/ts-node-dev-hook-7733459047558051.js:69:33)
    at Module._extensions..js (node:internal/modules/cjs/loader:1414:10)
    at require.extensions..jsx.require.extensions..js (/tmp/ts-node-dev-hook-7733459047558051.js:114:20)
    at require.extensions.<computed> (/tmp/ts-node-dev-hook-7733459047558051.js:71:20)
    at Object.nodeDevHook [as .ts] (/home/codewithashim/Web Application/Programmer Lab/Docter Portal/server/node_modules/ts-node-dev/lib/hook.js:63:13)
    at Module.load (node:internal/modules/cjs/loader:1197:32)
    at Function.Module._load (node:internal/modules/cjs/loader:1013:12)
